2020-Apr-22 11:09:46 Наличие необходимых модулей php (check_php_modules): Ok
Все необходимые модули установлены
2020-Apr-22 11:09:46 Обязательные параметры PHP (check_php_settings): Ok
Настройки правильные
2020-Apr-22 11:09:46 Модули веб-сервера (check_security): Ok
Конфликтов не выявлено
2020-Apr-22 11:09:46 Значения переменных сервера (check_server_vars): Ok
Корректные
2020-Apr-22 11:09:47 Сохранение сессии (check_session): Ok
50% done
2020-Apr-22 11:09:47 Сохранение сессии (check_session): Ok
Успешно
2020-Apr-22 11:09:47 Параметры настройки UTF (mbstring и константа BX_UTF) (check_mbstring): Ok
Правильные. Сайт работает в UTF кодировке
2020-Apr-22 11:09:47 Служебные скрипты в корне сайта (check_install_scripts): Ok
Отсутствуют
2020-Apr-22 11:09:47 Работа с сокетами (check_socket): Ok
Connection to ssl://iprox.ru:443	Success

Успешно
2020-Apr-22 11:09:47 Выполнение агентов на cron (check_bx_crontab): Ok
Успешно
2020-Apr-22 11:09:47 Параметры подключения к базе данных (check_dbconn_settings): Ok
Успешно
2020-Apr-22 11:09:47 Лишний вывод в файлах конфигурации (check_dbconn): Fail
Connection to ssl://iprox.ru:443	Success
== Request ==
GET /bitrix/admin/site_checker.php?test_type=dbconn_test&unique_id=0f9c1289311350a3c98084018b2257ac HTTP/1.1
Host: iprox.ru


== Response ==
HTTP/1.1 200 OK
Server: nginx/1.10.2
Date: Wed, 22 Apr 2020 08:09:47 GMT
Content-Type: text/html; charset=UTF-8
Content-Length: 14
Connection: keep-alive
Vary: HTTPS
X-Powered-By: PHP/7.1.32
P3P: policyref="/bitrix/p3p.xml", CP="NON DSP COR CUR ADM DEV PSA PSD OUR UNR BUS UNI COM NAV INT DEM STA"
X-Powered-CMS: Bitrix Site Manager (87b3da443649d1d5511998bf29d8bdf5)
Set-Cookie: PHPSESSID=k46l6PnvxjJ0kp7Rf6gDPg52SQdNwa4O; path=/; HttpOnly
Expires: Thu, 19 Nov 1981 08:52:00 GMT
Cache-Control: no-store, no-cache, must-revalidate
Pragma: no-cache
X-Content-Type-Options: nosniff
X-Frame-Options: SAMEORIGIN

== Body ==
Length: 2 (
	)
==========

Ошибка! Не работает
2020-Apr-22 11:09:47 Сохранение сессии без UserAgent (check_session_ua): Ok
50% done
Connection to ssl://iprox.ru:443	Success

2020-Apr-22 11:09:47 Сохранение сессии без UserAgent (check_session_ua): Ok
Connection to ssl://iprox.ru:443	Success

Успешно
2020-Apr-22 11:09:47 Настройки сайтов (check_sites): Ok
Правильные
2020-Apr-22 11:09:47 Передача объектов по ссылке (check_clone): Ok
Успешно
2020-Apr-22 11:09:48 Размер стека и pcre.recursion_limit (check_pcre_recursion): Ok
Connection to ssl://iprox.ru:443	Success

Успешно
2020-Apr-22 11:09:48 Загрузка файла (check_upload): Ok
Connection to ssl://iprox.ru:443	Success

Успешно
2020-Apr-22 11:09:48 Загрузка файла больше 4Мб (check_upload_big): Ok
Connection to ssl://iprox.ru:443	Success

Успешно
2020-Apr-22 11:09:48 Загрузка файла через php://input (check_upload_raw): Ok
Connection to ssl://iprox.ru:443	Success

Успешно
2020-Apr-22 11:09:48 Передача POST запроса с большим числом параметров (check_post): Ok
Connection to ssl://iprox.ru:443	Success

Успешно
2020-Apr-22 11:09:48 Отправка почты (check_mail): Ok
Успешно
2020-Apr-22 11:09:48 Отправка почтового сообщения больше 64Кб (check_mail_big): Ok
Успешно
2020-Apr-22 11:09:48 Проверка на наличие неотправленных сообщений (check_mail_b_event): Ok
Успешно
2020-Apr-22 11:09:48 Внутреннее перенаправление (функция LocalRedirect) (check_localredirect): Ok
50% done
Connection to ssl://iprox.ru:443	Success

2020-Apr-22 11:09:48 Внутреннее перенаправление (функция LocalRedirect) (check_localredirect): Ok
Connection to ssl://iprox.ru:443	Success

Успешно
2020-Apr-22 11:09:49 Фактическое ограничение памяти (check_memory_limit): Ok
20% done
Connection to ssl://iprox.ru:443	Success

2020-Apr-22 11:09:49 Фактическое ограничение памяти (check_memory_limit): Ok
40% done
Connection to ssl://iprox.ru:443	Success

2020-Apr-22 11:09:49 Фактическое ограничение памяти (check_memory_limit): Ok
60% done
Connection to ssl://iprox.ru:443	Success

2020-Apr-22 11:09:49 Фактическое ограничение памяти (check_memory_limit): Ok
80% done
Connection to ssl://iprox.ru:443	Success

2020-Apr-22 11:09:50 Фактическое ограничение памяти (check_memory_limit): Ok
Connection to ssl://iprox.ru:443	Success
== Request ==
GET /bitrix/admin/site_checker.php?test_type=memory_test&unique_id=0f9c1289311350a3c98084018b2257ac&max=255 HTTP/1.1
Host: iprox.ru


== Response ==
HTTP/1.1 502 Bad Gateway
Server: nginx/1.10.2
Date: Wed, 22 Apr 2020 08:09:50 GMT
Content-Type: text/html
Content-Length: 1135
Connection: keep-alive
ETag: "5d42b1e4-46f"

== Body ==
<!DOCTYPE html PUBLIC "-//W3C//DTD XHTML 1.0 Transitional//EN" "http://www.w3.org/TR/xhtml1/DTD/xhtml1-transitional.dtd">
<html xmlns="http://www.w3.org/1999/xhtml" xml:lang="ru" lang="ru">
<head>
	<meta http-equiv="Content-Type" content="text/html;charset=windows-1251"/>
	<style type="text/css">
		.error {color:#000; height:200px; margin:-100px 0 0 -340px; font-family:Arial, sans-serif; text-align:center; position:absolute; top:50%; text-align:center; left:50%; width:680px;}
		.error-fon {font-size:240px; font-weight:bold; line-height:240px; color:#f5f5f5; position:absolute; top:-16px; left:50%; margin-left:-200px; z-index:-1;}
		.error-text-top {font-size:40px; margin-top:50px;}
		.error-test-separate {border-top:1px solid #f2f2f2; margin-top:10px;}
		.error-text-bottom {font-size:20px; margin-top:16px;}
	</style>
	<title>502 Bad Gateway</title>
</head>
<body>
<div class="error">
	<div class="error-fon">502</div>
	<div class="error-text-wrap">
		<div class="error-text-top">502 Bad Ga ... (1135 bytes)
==========

Не менее 128 М
2020-Apr-22 11:09:50 Работа с файлами кеша (check_cache): Ok
Успешно
2020-Apr-22 11:09:51 Доступ к серверу обновлений (check_update): Ok
Успешно
2020-Apr-22 11:09:51 HTTP авторизация (check_http_auth): Ok
Connection to ssl://iprox.ru:443	Success

Успешно
2020-Apr-22 11:09:51 Создание и запуск файла (check_exec): Ok
Connection to ssl://iprox.ru:443	Success

Успешно
2020-Apr-22 11:09:51 Функция getimagesize для swf (check_getimagesize): Ok
Успешно
2020-Apr-22 11:09:51 Версия MySQL-сервера (check_mysql_bug_version): Ok
Успешно
2020-Apr-22 11:09:52 Время на БД и веб-сервере (check_mysql_time): Ok
Успешно
2020-Apr-22 11:09:52 Режим работы MySQL (check_mysql_mode): Ok
Успешно
2020-Apr-22 11:09:52 Кодировка соединения (check_mysql_connection_charset): Ok
character_set_connection=utf8, collation_connection=utf8_unicode_ci, character_set_results=utf8
Успешно
2020-Apr-22 11:09:52 Кодировка базы данных (check_mysql_db_charset): Ok
CHARSET=utf8, COLLATION=utf8_unicode_ci
Успешно
2020-Apr-22 11:09:52 Кодировки таблиц в БД (check_mysql_table_charset): Ok
Успешно
2020-Apr-22 11:09:53 Структура базы данных (check_mysql_table_structure): Ok
0% done
2020-Apr-22 11:09:53 Структура базы данных (check_mysql_table_structure): Ok
1% done
2020-Apr-22 11:09:53 Структура базы данных (check_mysql_table_structure): Ok
3% done
2020-Apr-22 11:10:00 Структура базы данных (check_mysql_table_structure): Ok
5% done
В таблице b_sale_auxiliary поле TIMESTAMP_X "`TIMESTAMP_X` timestamp NOT NULL DEFAULT CURRENT_TIMESTAMP on update CURRENT_TIMESTAMP" не соответствует описанию на диске "`TIMESTAMP_X` timestamp NOT NULL"
В таблице b_sale_user_account поле TIMESTAMP_X "`TIMESTAMP_X` timestamp NOT NULL DEFAULT CURRENT_TIMESTAMP on update CURRENT_TIMESTAMP" не соответствует описанию на диске "`TIMESTAMP_X` timestamp NOT NULL"
В таблице b_sale_recurring поле TIMESTAMP_X "`TIMESTAMP_X` timestamp NOT NULL DEFAULT CURRENT_TIMESTAMP on update CURRENT_TIMESTAMP" не соответствует описанию на диске "`TIMESTAMP_X` timestamp NOT NULL"
В таблице b_sale_user_cards поле TIMESTAMP_X "`TIMESTAMP_X` timestamp NOT NULL DEFAULT CURRENT_TIMESTAMP on update CURRENT_TIMESTAMP" не соответствует описанию на диске "`TIMESTAMP_X` timestamp NOT NULL"
В таблице b_sale_user_transact поле TIMESTAMP_X "`TIMESTAMP_X` timestamp NOT NULL DEFAULT CURRENT_TIMESTAMP on update CURRENT_TIMESTAMP" не соответствует описанию на диске "`TIMESTAMP_X` timestamp NOT NULL"
В таблице b_sale_affiliate_plan поле TIMESTAMP_X "`TIMESTAMP_X` timestamp NOT NULL DEFAULT CURRENT_TIMESTAMP on update CURRENT_TIMESTAMP" не соответствует описанию на диске "`TIMESTAMP_X` timestamp NOT NULL"
В таблице b_sale_affiliate поле TIMESTAMP_X "`TIMESTAMP_X` timestamp NOT NULL DEFAULT CURRENT_TIMESTAMP on update CURRENT_TIMESTAMP" не соответствует описанию на диске "`TIMESTAMP_X` timestamp NOT NULL"
В таблице b_sale_affiliate_transact поле TIMESTAMP_X "`TIMESTAMP_X` timestamp NOT NULL DEFAULT CURRENT_TIMESTAMP on update CURRENT_TIMESTAMP" не соответствует описанию на диске "`TIMESTAMP_X` timestamp NOT NULL"

2020-Apr-22 11:10:00 Структура базы данных (check_mysql_table_structure): Ok
7% done
2020-Apr-22 11:10:00 Структура базы данных (check_mysql_table_structure): Ok
9% done
2020-Apr-22 11:10:00 Структура базы данных (check_mysql_table_structure): Ok
11% done
2020-Apr-22 11:10:00 Структура базы данных (check_mysql_table_structure): Ok
13% done
2020-Apr-22 11:10:01 Структура базы данных (check_mysql_table_structure): Ok
15% done
В таблице b_cluster_table поле TIMESTAMP_X "`TIMESTAMP_X` timestamp NOT NULL DEFAULT CURRENT_TIMESTAMP on update CURRENT_TIMESTAMP" не соответствует описанию на диске "`TIMESTAMP_X` timestamp NULL DEFAULT NULL"
В таблице b_cluster_queue поле TIMESTAMP_X "`TIMESTAMP_X` timestamp NOT NULL DEFAULT CURRENT_TIMESTAMP on update CURRENT_TIMESTAMP" не соответствует описанию на диске "`TIMESTAMP_X` timestamp NULL DEFAULT NULL"

2020-Apr-22 11:10:03 Структура базы данных (check_mysql_table_structure): Ok
16% done
В таблице b_perf_sql_backtrace поле SQL_ID "`SQL_ID` int(18) NOT NULL DEFAULT "0"" не соответствует описанию на диске "`SQL_ID` int(18) NOT NULL"
В таблице b_perf_sql_backtrace поле NN "`NN` int(18) NOT NULL DEFAULT "0"" не соответствует описанию на диске "`NN` int(18) NOT NULL"
В таблице b_perf_cluster поле TIMESTAMP_X "`TIMESTAMP_X` timestamp NOT NULL DEFAULT CURRENT_TIMESTAMP on update CURRENT_TIMESTAMP" не соответствует описанию на диске "`TIMESTAMP_X` timestamp NULL DEFAULT NULL"
В таблице b_perf_index_suggest_sql поле SUGGEST_ID "`SUGGEST_ID` int(11) NOT NULL DEFAULT "0"" не соответствует описанию на диске "`SUGGEST_ID` int(11) NOT NULL"
В таблице b_perf_index_suggest_sql поле SQL_ID "`SQL_ID` int(11) NOT NULL DEFAULT "0"" не соответствует описанию на диске "`SQL_ID` int(11) NOT NULL"
В таблице b_perf_tab_stat поле TABLE_NAME "`TABLE_NAME` varchar(50) NOT NULL DEFAULT """ не соответствует описанию на диске "`TABLE_NAME` varchar(50) NOT NULL"
В таблице b_perf_history поле TIMESTAMP_X "`TIMESTAMP_X` timestamp NOT NULL DEFAULT CURRENT_TIMESTAMP on update CURRENT_TIMESTAMP" не соответствует описанию на диске "`TIMESTAMP_X` timestamp NULL DEFAULT NULL"

2020-Apr-22 11:10:05 Структура базы данных (check_mysql_table_structure): Ok
18% done
В таблице b_sec_iprule_incl_mask поле RULE_MASK "`RULE_MASK` varchar(250) NOT NULL DEFAULT """ не соответствует описанию на диске "`RULE_MASK` varchar(250) NOT NULL"
В таблице b_sec_iprule_excl_mask поле RULE_MASK "`RULE_MASK` varchar(250) NOT NULL DEFAULT """ не соответствует описанию на диске "`RULE_MASK` varchar(250) NOT NULL"
В таблице b_sec_session поле TIMESTAMP_X "`TIMESTAMP_X` timestamp NOT NULL DEFAULT CURRENT_TIMESTAMP on update CURRENT_TIMESTAMP" не соответствует описанию на диске "`TIMESTAMP_X` timestamp NOT NULL"

2020-Apr-22 11:10:05 Структура базы данных (check_mysql_table_structure): Ok
20% done
2020-Apr-22 11:10:05 Структура базы данных (check_mysql_table_structure): Ok
22% done
2020-Apr-22 11:10:05 Структура базы данных (check_mysql_table_structure): Ok
24% done
2020-Apr-22 11:10:08 Структура базы данных (check_mysql_table_structure): Ok
26% done
В таблице b_catalog_store поле DATE_MODIFY "`DATE_MODIFY` timestamp NOT NULL DEFAULT CURRENT_TIMESTAMP on update CURRENT_TIMESTAMP" не соответствует описанию на диске "`DATE_MODIFY` timestamp NULL DEFAULT CURRENT_TIMESTAMP on update CURRENT_TIMESTAMP"
В таблице b_catalog_contractor поле DATE_MODIFY "`DATE_MODIFY` timestamp NOT NULL DEFAULT CURRENT_TIMESTAMP on update CURRENT_TIMESTAMP" не соответствует описанию на диске "`DATE_MODIFY` timestamp NULL DEFAULT CURRENT_TIMESTAMP on update CURRENT_TIMESTAMP"

2020-Apr-22 11:10:08 Структура базы данных (check_mysql_table_structure): Ok
28% done
2020-Apr-22 11:10:15 Структура базы данных (check_mysql_table_structure): Ok
30% done
В таблице b_event_message поле TIMESTAMP_X "`TIMESTAMP_X` timestamp NOT NULL DEFAULT CURRENT_TIMESTAMP on update CURRENT_TIMESTAMP" не соответствует описанию на диске "`TIMESTAMP_X` timestamp NULL DEFAULT NULL"
В таблице b_group поле TIMESTAMP_X "`TIMESTAMP_X` timestamp NOT NULL DEFAULT CURRENT_TIMESTAMP on update CURRENT_TIMESTAMP" не соответствует описанию на диске "`TIMESTAMP_X` timestamp NULL DEFAULT NULL"
В таблице b_user поле TIMESTAMP_X "`TIMESTAMP_X` timestamp NOT NULL DEFAULT CURRENT_TIMESTAMP on update CURRENT_TIMESTAMP" не соответствует описанию на диске "`TIMESTAMP_X` timestamp NULL DEFAULT NULL"
В таблице b_user_index отсутствует индекс IXF_B_USER_INDEX_1 (search_user_content)
Не включен полнотекстовый индекс IXF_B_USER_INDEX_1 (search_user_content) для таблицы b_user_index
В таблице b_user_index отсутствует индекс IXF_B_USER_INDEX_2 (search_department_content)
Не включен полнотекстовый индекс IXF_B_USER_INDEX_2 (search_department_content) для таблицы b_user_index
В таблице b_user_field_confirm поле DATE_CHANGE "`DATE_CHANGE` timestamp NOT NULL DEFAULT CURRENT_TIMESTAMP on update CURRENT_TIMESTAMP" не соответствует описанию на диске "`DATE_CHANGE` timestamp NULL DEFAULT NULL"
В таблице b_module поле DATE_ACTIVE "`DATE_ACTIVE` timestamp NOT NULL DEFAULT CURRENT_TIMESTAMP on update CURRENT_TIMESTAMP" не соответствует описанию на диске "`DATE_ACTIVE` timestamp NULL DEFAULT NULL"
В таблице b_module_to_module поле TIMESTAMP_X "`TIMESTAMP_X` timestamp NOT NULL DEFAULT CURRENT_TIMESTAMP on update CURRENT_TIMESTAMP" не соответствует описанию на диске "`TIMESTAMP_X` timestamp NULL DEFAULT NULL"
В таблице b_file поле TIMESTAMP_X "`TIMESTAMP_X` timestamp NOT NULL DEFAULT CURRENT_TIMESTAMP on update CURRENT_TIMESTAMP" не соответствует описанию на диске "`TIMESTAMP_X` timestamp NULL DEFAULT NULL"
В таблице b_user_field_lang поле USER_FIELD_ID "`USER_FIELD_ID` int(11) NOT NULL DEFAULT "0"" не соответствует описанию на диске "`USER_FIELD_ID` int(11) NOT NULL"
В таблице b_user_field_lang поле LANGUAGE_ID "`LANGUAGE_ID` char(2) NOT NULL DEFAULT """ не соответствует описанию на диске "`LANGUAGE_ID` char(2) NOT NULL"
В таблице b_event_log поле TIMESTAMP_X "`TIMESTAMP_X` timestamp NOT NULL DEFAULT CURRENT_TIMESTAMP on update CURRENT_TIMESTAMP" не соответствует описанию на диске "`TIMESTAMP_X` timestamp NULL DEFAULT NULL"
В таблице b_user_hit_auth поле TIMESTAMP_X "`TIMESTAMP_X` timestamp NOT NULL DEFAULT CURRENT_TIMESTAMP on update CURRENT_TIMESTAMP" не соответствует описанию на диске "`TIMESTAMP_X` timestamp NULL DEFAULT NULL"

2020-Apr-22 11:10:15 Структура базы данных (check_mysql_table_structure): Ok
32% done
2020-Apr-22 11:10:16 Структура базы данных (check_mysql_table_structure): Ok
33% done
В таблице b_seo_sitemap поле TIMESTAMP_X "`TIMESTAMP_X` timestamp NOT NULL DEFAULT CURRENT_TIMESTAMP on update CURRENT_TIMESTAMP" не соответствует описанию на диске "`TIMESTAMP_X` timestamp NULL DEFAULT NULL"
В таблице b_seo_adv_order поле TIMESTAMP_X "`TIMESTAMP_X` timestamp NOT NULL DEFAULT CURRENT_TIMESTAMP on update CURRENT_TIMESTAMP" не соответствует описанию на диске "`TIMESTAMP_X` timestamp NOT NULL"
В таблице b_seo_adv_log поле TIMESTAMP_X "`TIMESTAMP_X` timestamp NOT NULL DEFAULT CURRENT_TIMESTAMP on update CURRENT_TIMESTAMP" не соответствует описанию на диске "`TIMESTAMP_X` timestamp NOT NULL"
В таблице b_seo_adv_autolog поле TIMESTAMP_X "`TIMESTAMP_X` timestamp NOT NULL DEFAULT CURRENT_TIMESTAMP on update CURRENT_TIMESTAMP" не соответствует описанию на диске "`TIMESTAMP_X` timestamp NOT NULL"

2020-Apr-22 11:10:16 Структура базы данных (check_mysql_table_structure): Ok
35% done
2020-Apr-22 11:10:17 Структура базы данных (check_mysql_table_structure): Ok
37% done
2020-Apr-22 11:10:17 Структура базы данных (check_mysql_table_structure): Ok
39% done
2020-Apr-22 11:10:17 Структура базы данных (check_mysql_table_structure): Ok
41% done
2020-Apr-22 11:10:19 Структура базы данных (check_mysql_table_structure): Ok
43% done
2020-Apr-22 11:10:20 Структура базы данных (check_mysql_table_structure): Ok
45% done
В таблице b_file_search поле TIMESTAMP_X "`TIMESTAMP_X` timestamp NOT NULL DEFAULT CURRENT_TIMESTAMP on update CURRENT_TIMESTAMP" не соответствует описанию на диске "`TIMESTAMP_X` timestamp NOT NULL"

2020-Apr-22 11:10:20 Структура базы данных (check_mysql_table_structure): Ok
47% done
2020-Apr-22 11:10:20 Структура базы данных (check_mysql_table_structure): Ok
49% done
2020-Apr-22 11:10:21 Структура базы данных (check_mysql_table_structure): Ok
50% done
2020-Apr-22 11:10:21 Структура базы данных (check_mysql_table_structure): Ok
52% done
2020-Apr-22 11:10:22 Структура базы данных (check_mysql_table_structure): Ok
54% done
2020-Apr-22 11:10:22 Структура базы данных (check_mysql_table_structure): Ok
56% done
2020-Apr-22 11:10:22 Структура базы данных (check_mysql_table_structure): Ok
58% done
2020-Apr-22 11:10:22 Структура базы данных (check_mysql_table_structure): Ok
60% done
2020-Apr-22 11:10:22 Структура базы данных (check_mysql_table_structure): Ok
62% done
2020-Apr-22 11:10:22 Структура базы данных (check_mysql_table_structure): Ok
64% done
2020-Apr-22 11:10:22 Структура базы данных (check_mysql_table_structure): Ok
66% done
2020-Apr-22 11:10:23 Структура базы данных (check_mysql_table_structure): Ok
67% done
2020-Apr-22 11:10:23 Структура базы данных (check_mysql_table_structure): Ok
69% done
2020-Apr-22 11:10:23 Структура базы данных (check_mysql_table_structure): Ok
71% done
2020-Apr-22 11:10:23 Структура базы данных (check_mysql_table_structure): Ok
73% done
2020-Apr-22 11:10:23 Структура базы данных (check_mysql_table_structure): Ok
75% done
2020-Apr-22 11:10:23 Структура базы данных (check_mysql_table_structure): Ok
77% done
2020-Apr-22 11:10:23 Структура базы данных (check_mysql_table_structure): Ok
79% done
2020-Apr-22 11:10:23 Структура базы данных (check_mysql_table_structure): Ok
81% done
2020-Apr-22 11:10:23 Структура базы данных (check_mysql_table_structure): Ok
83% done
2020-Apr-22 11:10:24 Структура базы данных (check_mysql_table_structure): Ok
84% done
В таблице b_lists_url не хватает поля LIVE_FEED

2020-Apr-22 11:10:24 Структура базы данных (check_mysql_table_structure): Ok
86% done
2020-Apr-22 11:10:24 Структура базы данных (check_mysql_table_structure): Ok
88% done
2020-Apr-22 11:10:25 Структура базы данных (check_mysql_table_structure): Ok
90% done
2020-Apr-22 11:10:25 Структура базы данных (check_mysql_table_structure): Ok
92% done
2020-Apr-22 11:10:25 Структура базы данных (check_mysql_table_structure): Ok
94% done
2020-Apr-22 11:10:25 Структура базы данных (check_mysql_table_structure): Ok
96% done
2020-Apr-22 11:10:25 Структура базы данных (check_mysql_table_structure): Ok
98% done
2020-Apr-22 11:10:25 Структура базы данных (check_mysql_table_structure): Fail
ALTER TABLE `b_sale_auxiliary` CHANGE `TIMESTAMP_X` `TIMESTAMP_X` timestamp NOT NULL;
ALTER TABLE `b_sale_user_account` CHANGE `TIMESTAMP_X` `TIMESTAMP_X` timestamp NOT NULL;
ALTER TABLE `b_sale_recurring` CHANGE `TIMESTAMP_X` `TIMESTAMP_X` timestamp NOT NULL;
ALTER TABLE `b_sale_user_cards` CHANGE `TIMESTAMP_X` `TIMESTAMP_X` timestamp NOT NULL;
ALTER TABLE `b_sale_user_transact` CHANGE `TIMESTAMP_X` `TIMESTAMP_X` timestamp NOT NULL;
ALTER TABLE `b_sale_affiliate_plan` CHANGE `TIMESTAMP_X` `TIMESTAMP_X` timestamp NOT NULL;
ALTER TABLE `b_sale_affiliate` CHANGE `TIMESTAMP_X` `TIMESTAMP_X` timestamp NOT NULL;
ALTER TABLE `b_sale_affiliate_transact` CHANGE `TIMESTAMP_X` `TIMESTAMP_X` timestamp NOT NULL;
ALTER TABLE `b_cluster_table` CHANGE `TIMESTAMP_X` `TIMESTAMP_X` timestamp NULL DEFAULT NULL;
ALTER TABLE `b_cluster_queue` CHANGE `TIMESTAMP_X` `TIMESTAMP_X` timestamp NULL DEFAULT NULL;
ALTER TABLE `b_perf_sql_backtrace` CHANGE `SQL_ID` `SQL_ID` int(18) NOT NULL;
ALTER TABLE `b_perf_sql_backtrace` CHANGE `NN` `NN` int(18) NOT NULL;
ALTER TABLE `b_perf_cluster` CHANGE `TIMESTAMP_X` `TIMESTAMP_X` timestamp NULL DEFAULT NULL;
ALTER TABLE `b_perf_index_suggest_sql` CHANGE `SUGGEST_ID` `SUGGEST_ID` int(11) NOT NULL;
ALTER TABLE `b_perf_index_suggest_sql` CHANGE `SQL_ID` `SQL_ID` int(11) NOT NULL;
ALTER TABLE `b_perf_tab_stat` CHANGE `TABLE_NAME` `TABLE_NAME` varchar(50) NOT NULL;
ALTER TABLE `b_perf_history` CHANGE `TIMESTAMP_X` `TIMESTAMP_X` timestamp NULL DEFAULT NULL;
ALTER TABLE `b_sec_iprule_incl_mask` CHANGE `RULE_MASK` `RULE_MASK` varchar(250) NOT NULL;
ALTER TABLE `b_sec_iprule_excl_mask` CHANGE `RULE_MASK` `RULE_MASK` varchar(250) NOT NULL;
ALTER TABLE `b_sec_session` CHANGE `TIMESTAMP_X` `TIMESTAMP_X` timestamp NOT NULL;
ALTER TABLE `b_catalog_store` CHANGE `DATE_MODIFY` `DATE_MODIFY` timestamp NULL DEFAULT CURRENT_TIMESTAMP on update CURRENT_TIMESTAMP;
ALTER TABLE `b_catalog_contractor` CHANGE `DATE_MODIFY` `DATE_MODIFY` timestamp NULL DEFAULT CURRENT_TIMESTAMP on update CURRENT_TIMESTAMP;
ALTER TABLE `b_event_message` CHANGE `TIMESTAMP_X` `TIMESTAMP_X` timestamp NULL DEFAULT NULL;
ALTER TABLE `b_group` CHANGE `TIMESTAMP_X` `TIMESTAMP_X` timestamp NULL DEFAULT NULL;
ALTER TABLE `b_user` CHANGE `TIMESTAMP_X` `TIMESTAMP_X` timestamp NULL DEFAULT NULL;
CREATE FULLTEXT INDEX `IXF_B_USER_INDEX_1` ON `b_user_index` (search_user_content);
CREATE FULLTEXT INDEX `IXF_B_USER_INDEX_2` ON `b_user_index` (search_department_content);
ALTER TABLE `b_user_field_confirm` CHANGE `DATE_CHANGE` `DATE_CHANGE` timestamp NULL DEFAULT NULL;
ALTER TABLE `b_module` CHANGE `DATE_ACTIVE` `DATE_ACTIVE` timestamp NULL DEFAULT NULL;
ALTER TABLE `b_module_to_module` CHANGE `TIMESTAMP_X` `TIMESTAMP_X` timestamp NULL DEFAULT NULL;
ALTER TABLE `b_file` CHANGE `TIMESTAMP_X` `TIMESTAMP_X` timestamp NULL DEFAULT NULL;
ALTER TABLE `b_user_field_lang` CHANGE `USER_FIELD_ID` `USER_FIELD_ID` int(11) NOT NULL;
ALTER TABLE `b_user_field_lang` CHANGE `LANGUAGE_ID` `LANGUAGE_ID` char(2) NOT NULL;
ALTER TABLE `b_event_log` CHANGE `TIMESTAMP_X` `TIMESTAMP_X` timestamp NULL DEFAULT NULL;
ALTER TABLE `b_user_hit_auth` CHANGE `TIMESTAMP_X` `TIMESTAMP_X` timestamp NULL DEFAULT NULL;
ALTER TABLE `b_seo_sitemap` CHANGE `TIMESTAMP_X` `TIMESTAMP_X` timestamp NULL DEFAULT NULL;
ALTER TABLE `b_seo_adv_order` CHANGE `TIMESTAMP_X` `TIMESTAMP_X` timestamp NOT NULL;
ALTER TABLE `b_seo_adv_log` CHANGE `TIMESTAMP_X` `TIMESTAMP_X` timestamp NOT NULL;
ALTER TABLE `b_seo_adv_autolog` CHANGE `TIMESTAMP_X` `TIMESTAMP_X` timestamp NOT NULL;
ALTER TABLE `b_file_search` CHANGE `TIMESTAMP_X` `TIMESTAMP_X` timestamp NOT NULL;
ALTER TABLE `b_lists_url` ADD `LIVE_FEED` tinyint(1) NULL DEFAULT "0";
Ошибка! Структура базы данных имеет ошибки. Всего 43, автоматически могут быть исправлены: 43. Исправить
